<?xml version="1.0" encoding="UTF-8"?>
<!-- Generated by org.testng.reporters.JUnitReportReporter -->
<testsuite skipped="0" hostname="DESKTOP-0VG8UU6" name="api.testscases.WeatherAPITestCases" tests="1" failures="0" timestamp="2020-07-31T18:25:28 IST" time="4.169" errors="0">
  <testcase name="getWeatherByCityName" time="4.169" classname="api.testscases.WeatherAPITestCases"/>
  <system-out/>
</testsuite> <!-- api.testscases.WeatherAPITestCases -->
