<?xml version="1.0" encoding="UTF-8"?>
<!-- Generated by org.testng.reporters.JUnitReportReporter -->
<testsuite skipped="0" hostname="DESKTOP-0VG8UU6" name="web.testcases.WeatherTestCase" tests="1" failures="0" timestamp="2020-08-02T00:11:50 IST" time="27.616" errors="0">
  <testcase name="getWeatherByCityName" time="27.616" classname="web.testcases.WeatherTestCase"/>
  <system-out/>
</testsuite> <!-- web.testcases.WeatherTestCase -->
