<?xml version="1.0" encoding="UTF-8"?>
<!-- Generated by org.testng.reporters.JUnitReportReporter -->
<testsuite skipped="0" hostname="DESKTOP-0VG8UU6" name="SantoshAutomation.AutomationProject.LibraryAPIAutoamtion" tests="5" failures="0" timestamp="2020-07-20T02:09:15 IST" time="4.448" errors="0">
  <testcase name="addBook" time="0.198" classname="SantoshAutomation.AutomationProject.LibraryAPIAutoamtion"/>
  <system-out/>
  <testcase name="addBook" time="0.211" classname="SantoshAutomation.AutomationProject.LibraryAPIAutoamtion"/>
  <system-out/>
  <testcase name="addBook" time="3.575" classname="SantoshAutomation.AutomationProject.LibraryAPIAutoamtion"/>
  <system-out/>
  <testcase name="getBookByID" time="0.247" classname="SantoshAutomation.AutomationProject.LibraryAPIAutoamtion"/>
  <system-out/>
  <testcase name="getBookByAuthor" time="0.217" classname="SantoshAutomation.AutomationProject.LibraryAPIAutoamtion"/>
  <system-out/>
</testsuite> <!-- SantoshAutomation.AutomationProject.LibraryAPIAutoamtion -->
