<?xml version="1.0" encoding="UTF-8"?>
<!-- Generated by org.testng.reporters.JUnitReportReporter -->
<testsuite skipped="0" hostname="DESKTOP-0VG8UU6" name="SantoshAutomation.AutomationProject.RestAssuredTest" tests="4" failures="0" timestamp="2020-07-20T00:07:55 IST" time="5.070" errors="0">
  <testcase name="postApi" time="3.893" classname="SantoshAutomation.AutomationProject.RestAssuredTest"/>
  <system-out/>
  <testcase name="putApi" time="0.412" classname="SantoshAutomation.AutomationProject.RestAssuredTest"/>
  <system-out/>
  <testcase name="getApi" time="0.385" classname="SantoshAutomation.AutomationProject.RestAssuredTest"/>
  <system-out/>
  <testcase name="deleteApi" time="0.380" classname="SantoshAutomation.AutomationProject.RestAssuredTest"/>
  <system-out/>
</testsuite> <!-- SantoshAutomation.AutomationProject.RestAssuredTest -->
